# JRE version: OpenJDK Runtime Environment (8.0_152-b01) (build 1.8.0_152-release-915-b01)
# Java VM: OpenJDK 64-Bit Server VM (25.152-b01 mixed mode windows-amd64 compressed oops)
Heap:
 PSYoungGen      total 43008K, used 21981K [0x00000000e0000000, 0x00000000e3280000, 0x0000000100000000)
  eden space 36864K, 59% used [0x00000000e0000000,0x00000000e1577778,0x00000000e2400000)
  from space 6144K, 0% used [0x00000000e2b00000,0x00000000e2b00000,0x00000000e3100000)
  to   space 7168K, 0% used [0x00000000e2400000,0x00000000e2400000,0x00000000e2b00000)
 ParOldGen       total 57856K, used 15095K [0x00000000a0000000, 0x00000000a3880000, 0x00000000e0000000)
  object space 57856K, 26% used [0x00000000a0000000,0x00000000a0ebdcc0,0x00000000a3880000)
 Metaspace       used 37351K, capacity 38074K, committed 38360K, reserved 1083392K
  class space    used 5030K, capacity 5295K, committed 5376K, reserved 1048576K
GC Heap History (10 events):
Event: 33.223 GC heap before
{Heap before GC invocations=16 (full 1):
 PSYoungGen      total 30720K, used 29365K [0x00000000e0000000, 0x00000000e2480000, 0x0000000100000000)
  eden space 25088K, 100% used [0x00000000e0000000,0x00000000e1880000,0x00000000e1880000)
  from space 5632K, 75% used [0x00000000e1f00000,0x00000000e232d5c0,0x00000000e2480000)
  to   space 6144K, 0% used [0x00000000e1880000,0x00000000e1880000,0x00000000e1e80000)
 ParOldGen       total 32768K, used 7690K [0x00000000a0000000, 0x00000000a2000000, 0x00000000e0000000)
  object space 32768K, 23% used [0x00000000a0000000,0x00000000a0782a50,0x00000000a2000000)
 Metaspace       used 30014K, capacity 30572K, committed 30720K, reserved 1075200K
  class space    used 4117K, capacity 4319K, committed 4352K, reserved 1048576K
Event: 33.237 GC heap after
Heap after GC invocations=16 (full 1):
 PSYoungGen      total 31232K, used 4653K [0x00000000e0000000, 0x00000000e2c00000, 0x0000000100000000)
  eden space 25088K, 0% used [0x00000000e0000000,0x00000000e0000000,0x00000000e1880000)
  from space 6144K, 75% used [0x00000000e1880000,0x00000000e1d0b7b0,0x00000000e1e80000)
  to   space 6144K, 0% used [0x00000000e2600000,0x00000000e2600000,0x00000000e2c00000)
 ParOldGen       total 32768K, used 8386K [0x00000000a0000000, 0x00000000a2000000, 0x00000000e0000000)
  object space 32768K, 25% used [0x00000000a0000000,0x00000000a0830a60,0x00000000a2000000)
 Metaspace       used 30014K, capacity 30572K, committed 30720K, reserved 1075200K
  class space    used 4117K, capacity 4319K, committed 4352K, reserved 1048576K
}
Event: 36.838 GC heap before
{Heap before GC invocations=17 (full 1):
 PSYoungGen      total 31232K, used 29741K [0x00000000e0000000, 0x00000000e2c00000, 0x0000000100000000)
  eden space 25088K, 100% used [0x00000000e0000000,0x00000000e1880000,0x00000000e1880000)
  from space 6144K, 75% used [0x00000000e1880000,0x00000000e1d0b7b0,0x00000000e1e80000)
  to   space 6144K, 0% used [0x00000000e2600000,0x00000000e2600000,0x00000000e2c00000)
 ParOldGen       total 32768K, used 8386K [0x00000000a0000000, 0x00000000a2000000, 0x00000000e0000000)
  object space 32768K, 25% used [0x00000000a0000000,0x00000000a0830a60,0x00000000a2000000)
 Metaspace       used 30304K, capacity 30892K, committed 31232K, reserved 1077248K
  class space    used 4129K, capacity 4319K, committed 4352K, reserved 1048576K
Event: 36.853 GC heap after
Heap after GC invocations=17 (full 1):
 PSYoungGen      total 37888K, used 2624K [0x00000000e0000000, 0x00000000e2b80000, 0x0000000100000000)
  eden space 32256K, 0% used [0x00000000e0000000,0x00000000e0000000,0x00000000e1f80000)
  from space 5632K, 46% used [0x00000000e2600000,0x00000000e2890000,0x00000000e2b80000)
  to   space 6144K, 0% used [0x00000000e1f80000,0x00000000e1f80000,0x00000000e2580000)
 ParOldGen       total 32768K, used 9342K [0x00000000a0000000, 0x00000000a2000000, 0x00000000e0000000)
  object space 32768K, 28% used [0x00000000a0000000,0x00000000a091fa70,0x00000000a2000000)
 Metaspace       used 30304K, capacity 30892K, committed 31232K, reserved 1077248K
  class space    used 4129K, capacity 4319K, committed 4352K, reserved 1048576K
}
Event: 41.104 GC heap before
{Heap before GC invocations=18 (full 1):
 PSYoungGen      total 37888K, used 34880K [0x00000000e0000000, 0x00000000e2b80000, 0x0000000100000000)
  eden space 32256K, 100% used [0x00000000e0000000,0x00000000e1f80000,0x00000000e1f80000)
  from space 5632K, 46% used [0x00000000e2600000,0x00000000e2890000,0x00000000e2b80000)
  to   space 6144K, 0% used [0x00000000e1f80000,0x00000000e1f80000,0x00000000e2580000)
 ParOldGen       total 32768K, used 9342K [0x00000000a0000000, 0x00000000a2000000, 0x00000000e0000000)
  object space 32768K, 28% used [0x00000000a0000000,0x00000000a091fa70,0x00000000a2000000)
 Metaspace       used 31308K, capacity 31882K, committed 32128K, reserved 1077248K
  class space    used 4264K, capacity 4456K, committed 4480K, reserved 1048576K
Event: 41.116 GC heap after
Heap after GC invocations=18 (full 1):
 PSYoungGen      total 38400K, used 4006K [0x00000000e0000000, 0x00000000e3100000, 0x0000000100000000)
  eden space 32256K, 0% used [0x00000000e0000000,0x00000000e0000000,0x00000000e1f80000)
  from space 6144K, 65% used [0x00000000e1f80000,0x00000000e2369ae8,0x00000000e2580000)
  to   space 6144K, 0% used [0x00000000e2b00000,0x00000000e2b00000,0x00000000e3100000)
 ParOldGen       total 32768K, used 9350K [0x00000000a0000000, 0x00000000a2000000, 0x00000000e0000000)
  object space 32768K, 28% used [0x00000000a0000000,0x00000000a0921a70,0x00000000a2000000)
 Metaspace       used 31308K, capacity 31882K, committed 32128K, reserved 1077248K
  class space    used 4264K, capacity 4456K, committed 4480K, reserved 1048576K
}
Event: 54.876 GC heap before
{Heap before GC invocations=19 (full 1):
 PSYoungGen      total 38400K, used 24731K [0x00000000e0000000, 0x00000000e3100000, 0x0000000100000000)
  eden space 32256K, 64% used [0x00000000e0000000,0x00000000e143d290,0x00000000e1f80000)
  from space 6144K, 65% used [0x00000000e1f80000,0x00000000e2369ae8,0x00000000e2580000)
  to   space 6144K, 0% used [0x00000000e2b00000,0x00000000e2b00000,0x00000000e3100000)
 ParOldGen       total 32768K, used 9350K [0x00000000a0000000, 0x00000000a2000000, 0x00000000e0000000)
  object space 32768K, 28% used [0x00000000a0000000,0x00000000a0921a70,0x00000000a2000000)
 Metaspace       used 34505K, capacity 35226K, committed 35416K, reserved 1079296K
  class space    used 4686K, capacity 4985K, committed 4992K, reserved 1048576K
Event: 54.890 GC heap after
Heap after GC invocations=19 (full 1):
 PSYoungGen      total 43008K, used 6139K [0x00000000e0000000, 0x00000000e3280000, 0x0000000100000000)
  eden space 36864K, 0% used [0x00000000e0000000,0x00000000e0000000,0x00000000e2400000)
  from space 6144K, 99% used [0x00000000e2b00000,0x00000000e30feeb8,0x00000000e3100000)
  to   space 7168K, 0% used [0x00000000e2400000,0x00000000e2400000,0x00000000e2b00000)
 ParOldGen       total 32768K, used 9517K [0x00000000a0000000, 0x00000000a2000000, 0x00000000e0000000)
  object space 32768K, 29% used [0x00000000a0000000,0x00000000a094b7a8,0x00000000a2000000)
 Metaspace       used 34505K, capacity 35226K, committed 35416K, reserved 1079296K
  class space    used 4686K, capacity 4985K, committed 4992K, reserved 1048576K
}
Event: 54.890 GC heap before
{Heap before GC invocations=20 (full 2):
 PSYoungGen      total 43008K, used 6139K [0x00000000e0000000, 0x00000000e3280000, 0x0000000100000000)
  eden space 36864K, 0% used [0x00000000e0000000,0x00000000e0000000,0x00000000e2400000)
  from space 6144K, 99% used [0x00000000e2b00000,0x00000000e30feeb8,0x00000000e3100000)
  to   space 7168K, 0% used [0x00000000e2400000,0x00000000e2400000,0x00000000e2b00000)
 ParOldGen       total 32768K, used 9517K [0x00000000a0000000, 0x00000000a2000000, 0x00000000e0000000)
  object space 32768K, 29% used [0x00000000a0000000,0x00000000a094b7a8,0x00000000a2000000)
 Metaspace       used 34505K, capacity 35226K, committed 35416K, reserved 1079296K
  class space    used 4686K, capacity 4985K, committed 4992K, reserved 1048576K
Event: 55.199 GC heap after
Heap after GC invocations=20 (full 2):
 PSYoungGen      total 43008K, used 0K [0x00000000e0000000, 0x00000000e3280000, 0x0000000100000000)
  eden space 36864K, 0% used [0x00000000e0000000,0x00000000e0000000,0x00000000e2400000)
  from space 6144K, 0% used [0x00000000e2b00000,0x00000000e2b00000,0x00000000e3100000)
  to   space 7168K, 0% used [0x00000000e2400000,0x00000000e2400000,0x00000000e2b00000)
 ParOldGen       total 57856K, used 15095K [0x00000000a0000000, 0x00000000a3880000, 0x00000000e0000000)
  object space 57856K, 26% used [0x00000000a0000000,0x00000000a0ebdcc0,0x00000000a3880000)
 Metaspace       used 34505K, capacity 35226K, committed 35416K, reserved 1079296K
  class space    used 4686K, capacity 4985K, committed 4992K, reserved 1048576K
}

